2020-02-11 00:26:52,696 - api - ERROR - Foodorder PUT: FAILED
2020-02-11 00:27:53,372 - api - ERROR - Foodorder PUT: FAILED
2020-02-11 00:27:54,785 - api - ERROR - Foodorder PUT: FAILED
2020-02-11 00:29:09,580 - api - ERROR - Foodorder PUT: FAILED
2020-02-11 00:29:18,023 - api - ERROR - Foodorder PUT: FAILED
2020-02-11 00:30:04,626 - api - ERROR - Foodorder PUT: FAILED
2020-02-11 00:30:06,004 - api - ERROR - Foodorder PUT: FAILED
2020-02-11 00:31:01,241 - api - ERROR - Foodorder PUT: FAILED
2020-02-11 00:31:02,565 - api - ERROR - Foodorder PUT: FAILED
2020-02-11 00:32:06,357 - api - ERROR - Foodorder PUT: FAILED
2020-02-11 00:32:07,561 - api - ERROR - Foodorder PUT: FAILED
2020-02-11 00:32:40,144 - api - ERROR - Foodorder PUT: FAILED
2020-02-11 00:32:49,455 - api - ERROR - Foodorder PUT: FAILED
2020-02-11 00:40:36,561 - api - ERROR - Try of adding more food that we have. TRY:6000, HAVE:715
2020-02-11 00:40:45,171 - api - ERROR - Try of adding more food that we have. TRY:6000, HAVE:715
2020-02-11 00:41:26,667 - api - ERROR - Try of adding more food that we have. TRY:6000, HAVE:715
2020-02-11 00:42:04,055 - api - ERROR - Customerid or address required
2020-02-11 00:45:08,734 - api - ERROR - Foodorder PUT: FAILED
2020-02-11 07:47:43,259 - api - ERROR - That order already exists. TRY:60, HAVE:549
2020-02-11 07:48:55,882 - api - ERROR - That order already exists. TRY:60, HAVE:549
2020-02-11 07:48:58,936 - api - ERROR - That order already exists. ORDERID:kek, FOODID:8
2020-02-11 07:49:25,035 - api - ERROR - That order already exists. ORDERID:kek, FOODID:8
2020-02-11 07:49:41,711 - api - ERROR - That order already exists. ORDERID:kek, FOODID:8
2020-02-11 07:49:42,933 - api - ERROR - That order already exists. ORDERID:kek, FOODID:8
2020-02-11 07:50:01,469 - api - ERROR - That order already exists. ORDERID:kek, FOODID:8
2020-02-11 07:50:02,689 - api - ERROR - That order already exists. ORDERID:kek, FOODID:8
2020-02-11 07:51:55,702 - api - ERROR - That order already exists. ORDERID:kek, FOODID:8
2020-02-11 07:52:06,970 - api - ERROR - That order already exists. ORDERID:kek, FOODID:8
2020-02-11 07:52:51,584 - api - ERROR - That order already exists. ORDERID:kek, FOODID:8
2020-02-11 07:52:53,866 - api - ERROR - That order already exists. ORDERID:kek, FOODID:8
2020-02-11 07:52:55,396 - api - ERROR - That order already exists. ORDERID:kek, FOODID:8
2020-02-11 07:53:20,964 - api - ERROR - That order already exists. ORDERID:kek, FOODID:12
2020-02-11 08:05:42,633 - api - ERROR - That order already exists. ORDERID:kek, FOODID:12
2020-02-11 08:32:52,194 - api - ERROR - That order already exists. ORDERID:kek, FOODID:123
2020-02-11 08:33:02,434 - api - ERROR - That order already exists. ORDERID:kek, FOODID:123
2020-02-11 08:38:00,365 - api - ERROR - That order already exists. ORDERID:kek, FOODID:123
2020-02-11 08:38:04,856 - api - ERROR - That order already exists. ORDERID:kek, FOODID:123
2020-02-11 08:38:19,873 - api - ERROR - That order already exists. ORDERID:kek, FOODID:123
2020-02-11 08:39:10,072 - api - ERROR - Order DELETE: ORDER NOT FOUND
2020-02-11 08:39:19,188 - api - ERROR - That order already exists. ORDERID:kek, FOODID:18
2020-02-11 10:21:31,798 - api - ERROR - Order PUT: FAILED
2020-02-11 10:21:51,560 - api - ERROR - That order already exists. ORDERID:kek, FOODID:18
2020-02-11 10:21:51,564 - api - ERROR - Order PUT: FAILED
2020-02-11 10:22:33,545 - api - ERROR - Order PUT: FAILED
2020-02-11 10:22:45,835 - api - ERROR - Order PUT: FAILED
2020-02-11 10:23:08,760 - api - ERROR - Order PUT: FAILED
2020-02-11 10:23:10,503 - api - ERROR - Order PUT: FAILED
2020-02-11 10:23:48,059 - api - ERROR - Order PUT: FAILED
2020-02-11 10:24:08,408 - api - ERROR - Order PUT: FAILED
2020-02-11 10:24:09,743 - api - ERROR - Order PUT: FAILED
2020-02-11 10:24:11,029 - api - ERROR - Order PUT: FAILED
2020-02-11 10:26:23,984 - api - ERROR - Order PUT: FAILED. Data not found
2020-02-11 10:26:30,540 - api - ERROR - Order PUT: FAILED. Data not found
2020-02-11 10:41:15,771 - api - ERROR - Order already exists. ORDERID:kek, FOODID:180
2020-02-11 10:41:15,940 - api - ERROR - Order DELETE: Order with ORDERID:keka, FOODIDall NOT FOUND
2020-02-11 10:41:35,052 - api - ERROR - Order DELETE: Order with ORDERID:keka, FOODIDall NOT FOUND
2020-02-11 10:45:51,415 - api - ERROR - Order DELETE: Order with ORDERID:keka, FOODIDall NOT FOUND
2020-02-11 10:48:40,871 - api - ERROR - Order doesn't exists. ORDERID:kek, FOODID:1800
2020-02-11 10:48:40,959 - api - ERROR - Order DELETE: Order with ORDERID:keka, FOODIDall NOT FOUND
2020-02-11 10:53:36,539 - api - ERROR - Order already exists. ORDERID:kek, FOODID:127
2020-02-11 10:55:34,858 - api - ERROR - Order PUT: Order with ORDERID:kek, FOODID128 NOT FOUND
2020-02-11 10:56:07,906 - api - ERROR - Order PUT: Order with ORDERID:kek, FOODID128 NOT FOUND
2020-02-11 11:00:05,017 - api - ERROR - Order GET: Order with ORDERID:kek, FOODID134 NOT FOUND
2020-02-11 11:07:54,341 - api - ERROR - Order already exists. ORDERID:kek, FOODID:127
2020-02-11 11:10:26,949 - api - ERROR - Order already exists. ORDERID:kek, FOODID:127
2020-02-11 11:11:47,754 - api - ERROR - Order already exists. ORDERID:kek, FOODID:127
2020-02-11 11:19:44,055 - api - ERROR - Order DELETE: Order with ORDERID:kek, FOODID127 NOT FOUND
2020-02-11 11:19:44,059 - api - ERROR - Order GET: FAILED
2020-02-11 11:19:44,063 - api - ERROR - Order GET: Order with ORDERID:kek, FOODID127 NOT FOUND
2020-02-11 11:19:44,067 - api - ERROR - Order POST: Order with ORDERID:kek, FOODID127 NOT FOUND
2020-02-11 11:20:23,677 - api - ERROR - Order already exists. ORDERID:kek, FOODID:127
2020-02-11 11:20:23,863 - api - ERROR - Order DELETE: Order with ORDERID:kek, FOODID127 NOT FOUND
2020-02-11 11:20:23,867 - api - ERROR - Order GET: FAILED
2020-02-11 11:20:23,872 - api - ERROR - Order GET: Order with ORDERID:kek, FOODID127 NOT FOUND
2020-02-11 11:20:23,876 - api - ERROR - Order POST: Order with ORDERID:kek, FOODID127 NOT FOUND
2020-02-11 11:21:16,036 - api - ERROR - Order DELETE: Order with ORDERID:kek, FOODID127 NOT FOUND
2020-02-11 11:21:16,040 - api - ERROR - Order GET: FAILED
2020-02-11 11:21:16,044 - api - ERROR - Order GET: Order with ORDERID:kek, FOODID127 NOT FOUND
2020-02-11 11:21:16,048 - api - ERROR - Order POST: Order with ORDERID:kek, FOODID127 NOT FOUND
2020-02-11 11:23:22,294 - api - ERROR - Order already exists. ORDERID:kek, FOODID:127
2020-02-11 11:23:22,492 - api - ERROR - Order DELETE: Order with ORDERID:kek, FOODID:127 NOT FOUND
2020-02-11 11:23:22,496 - api - ERROR - Order GET: FAILED
2020-02-11 11:23:22,500 - api - ERROR - Order GET: Order with ORDERID:kek, FOODID127 NOT FOUND
2020-02-11 11:23:22,504 - api - ERROR - Order POST: Order with ORDERID:kek, FOODID127 NOT FOUND
2020-02-11 11:25:44,498 - api - ERROR - Order DELETE: Order with ORDERID:kek, FOODID:127 NOT FOUND
2020-02-11 11:25:44,502 - api - ERROR - Order GET: FAILED
2020-02-11 11:25:44,505 - api - ERROR - Order GET: Order with ORDERID:kek, FOODID127 NOT FOUND
2020-02-11 11:25:44,509 - api - ERROR - Order POST: Order with ORDERID:kek, FOODID127 NOT FOUND
2020-02-11 11:26:02,743 - api - ERROR - Order already exists. ORDERID:kek, FOODID:127
2020-02-11 11:26:02,921 - api - ERROR - Order DELETE: Order with ORDERID:kek, FOODID:127 NOT FOUND
2020-02-11 11:26:02,926 - api - ERROR - Order GET: FAILED
2020-02-11 11:26:02,930 - api - ERROR - Order GET: Order with ORDERID:kek, FOODID127 NOT FOUND
2020-02-11 11:26:02,934 - api - ERROR - Order POST: Order with ORDERID:kek, FOODID127 NOT FOUND
2020-02-11 11:27:27,790 - api - ERROR - Order already exists. ORDERID:kek, FOODID:127
2020-02-11 11:27:28,325 - api - ERROR - Order already exists. ORDERID:kek, FOODID:127
2020-02-11 11:27:28,361 - api - ERROR - Order already exists. ORDERID:kek, FOODID:127
2020-02-11 11:27:28,449 - api - ERROR - Order already exists. ORDERID:kek, FOODID:127
2020-02-11 11:28:01,963 - api - ERROR - Order already exists. ORDERID:kek, FOODID:127
2020-02-11 11:28:02,507 - api - ERROR - Order already exists. ORDERID:kek, FOODID:127
2020-02-11 11:28:02,516 - api - ERROR - Order already exists. ORDERID:kek, FOODID:127
2020-02-11 11:28:06,216 - api - ERROR - Order already exists. ORDERID:kek, FOODID:127
2020-02-11 11:28:06,596 - api - ERROR - Order already exists. ORDERID:kek, FOODID:127
2020-02-11 11:28:06,632 - api - ERROR - Order already exists. ORDERID:kek, FOODID:127
2020-02-11 11:28:06,719 - api - ERROR - Order already exists. ORDERID:kek, FOODID:129
2020-02-11 11:28:13,990 - api - ERROR - Order already exists. ORDERID:kek, FOODID:127
2020-02-11 11:28:14,611 - api - ERROR - Order already exists. ORDERID:kek, FOODID:127
2020-02-11 11:28:14,649 - api - ERROR - Order already exists. ORDERID:kek, FOODID:127
2020-02-11 11:28:14,741 - api - ERROR - Order already exists. ORDERID:kek, FOODID:129
2020-02-11 11:28:30,013 - api - ERROR - Order already exists. ORDERID:kek, FOODID:127
2020-02-11 11:28:30,669 - api - ERROR - Order already exists. ORDERID:kek, FOODID:127
2020-02-11 11:28:30,678 - api - ERROR - Order already exists. ORDERID:kek, FOODID:127
2020-02-11 11:28:50,975 - api - ERROR - Order already exists. ORDERID:kek, FOODID:127
2020-02-11 11:28:51,320 - api - ERROR - Order DELETE: Order with ORDERID:kek, FOODID:127 NOT FOUND
2020-02-11 11:28:51,326 - api - ERROR - Order GET: FAILED
2020-02-11 11:28:51,331 - api - ERROR - Order GET: Order with ORDERID:kek, FOODID127 NOT FOUND
2020-02-11 11:28:51,338 - api - ERROR - Order POST: Order with ORDERID:kek, FOODID127 NOT FOUND
2020-02-11 11:28:53,463 - api - ERROR - Order already exists. ORDERID:kek, FOODID:127
2020-02-11 11:28:53,612 - api - ERROR - Order DELETE: Order with ORDERID:kek, FOODID:127 NOT FOUND
2020-02-11 11:28:53,616 - api - ERROR - Order GET: FAILED
2020-02-11 11:28:53,620 - api - ERROR - Order GET: Order with ORDERID:kek, FOODID127 NOT FOUND
2020-02-11 11:28:53,624 - api - ERROR - Order POST: Order with ORDERID:kek, FOODID127 NOT FOUND
2020-02-11 11:29:25,614 - api - ERROR - Order already exists. ORDERID:kek, FOODID:127
2020-02-11 11:29:26,390 - api - ERROR - Order already exists. ORDERID:kek, FOODID:127
2020-02-11 11:29:26,410 - api - ERROR - Order already exists. ORDERID:kek, FOODID:127
2020-02-11 11:29:28,121 - api - ERROR - Order already exists. ORDERID:kek, FOODID:127
2020-02-11 11:29:28,550 - api - ERROR - Order already exists. ORDERID:kek, FOODID:127
2020-02-11 11:29:28,559 - api - ERROR - Order already exists. ORDERID:kek, FOODID:127
